\BOOKMARK [0][-]{toc.0}{\376\377\000T\000a\000b\000l\000e\000\040\000o\000f\000\040\000C\000o\000n\000t\000e\000n\000t\000s}{}% 1
\BOOKMARK [0][-]{chapter.3}{\376\377\0001\000\040\000I\000n\000t\000r\000o\000d\000u\000c\000t\000i\000o\000n}{}% 2
\BOOKMARK [0][-]{chapter.4}{\376\377\0002\000\040\000C\000o\000n\000s\000t\000r\000a\000i\000n\000t\000\040\000S\000a\000t\000i\000s\000f\000a\000c\000t\000i\000o\000n\000\040\000P\000r\000o\000b\000l\000e\000m\000s}{}% 3
\BOOKMARK [1][-]{section.5}{\376\377\0002\000.\0001\000\040\000O\000v\000e\000r\000v\000i\000e\000w}{chapter.4}% 4
\BOOKMARK [1][-]{section.7}{\376\377\0002\000.\0002\000\040\000M\000i\000n\000i\000Z\000i\000n\000c}{chapter.4}% 5
\BOOKMARK [2][-]{subsection.9}{\376\377\0002\000.\0002\000.\0001\000\040\000F\000l\000a\000t\000Z\000i\000n\000c}{section.7}% 6
\BOOKMARK [1][-]{section.13}{\376\377\0002\000.\0003\000\040\000Q\000u\000e\000e\000n\000s\000\040\000P\000r\000o\000b\000l\000e\000m}{chapter.4}% 7
\BOOKMARK [0][-]{chapter.16}{\376\377\0003\000\040\000S\000o\000l\000v\000i\000n\000g\000\040\000C\000o\000n\000s\000t\000r\000a\000i\000n\000t\000\040\000S\000a\000t\000i\000s\000f\000a\000c\000t\000i\000o\000n\000\040\000P\000r\000o\000b\000l\000e\000m\000s}{}% 8
\BOOKMARK [1][-]{section.17}{\376\377\0003\000.\0001\000\040\000B\000a\000c\000k\000t\000r\000a\000c\000k\000i\000n\000g}{chapter.16}% 9
\BOOKMARK [2][-]{subsection.19}{\376\377\0003\000.\0001\000.\0001\000\040\000V\000a\000r\000i\000a\000b\000l\000e\000\040\000O\000r\000d\000e\000r\000i\000n\000g}{section.17}% 10
\BOOKMARK [1][-]{section.20}{\376\377\0003\000.\0002\000\040\000I\000n\000f\000e\000r\000e\000n\000c\000e}{chapter.16}% 11
\BOOKMARK [2][-]{subsection.23}{\376\377\0003\000.\0002\000.\0001\000\040\000F\000o\000r\000w\000a\000r\000d\000\040\000C\000h\000e\000c\000k\000i\000n\000g}{section.20}% 12
\BOOKMARK [2][-]{subsection.25}{\376\377\0003\000.\0002\000.\0002\000\040\000A\000r\000c\000\040\000C\000o\000n\000s\000i\000s\000t\000e\000n\000c\000y}{section.20}% 13
\BOOKMARK [3][-]{subsubsection.26}{\376\377\0003\000.\0002\000.\0002\000.\0001\000\040\000E\000n\000f\000o\000r\000c\000i\000n\000g\000\040\000A\000r\000c\000\040\000C\000o\000n\000s\000i\000s\000t\000e\000n\000c\000y}{subsection.25}% 14
\BOOKMARK [0][-]{chapter.30}{\376\377\0004\000\040\000I\000m\000p\000l\000e\000m\000e\000n\000t\000a\000t\000i\000o\000n}{}% 15
\BOOKMARK [1][-]{section.31}{\376\377\0004\000.\0001\000\040\000O\000x\000i\000f\000l\000e\000x}{chapter.30}% 16
\BOOKMARK [1][-]{section.33}{\376\377\0004\000.\0002\000\040\000R\000u\000s\000t}{chapter.30}% 17
\BOOKMARK [2][-]{subsection.34}{\376\377\0004\000.\0002\000.\0001\000\040\000L\000i\000m\000i\000t\000a\000t\000i\000o\000n\000s}{section.33}% 18
\BOOKMARK [1][-]{section.35}{\376\377\0004\000.\0003\000\040\000D\000e\000p\000e\000n\000d\000e\000c\000i\000e\000s}{chapter.30}% 19
\BOOKMARK [2][-]{subsection.36}{\376\377\0004\000.\0003\000.\0001\000\040\000f\000l\000a\000t\000z\000i\000n\000c}{section.35}% 20
\BOOKMARK [2][-]{subsection.37}{\376\377\0004\000.\0003\000.\0002\000\040\000s\000t\000r\000u\000c\000t\000o\000p\000t}{section.35}% 21
\BOOKMARK [1][-]{section.38}{\376\377\0004\000.\0004\000\040\000A\000r\000c\000h\000i\000t\000e\000c\000t\000u\000r\000e}{chapter.30}% 22
\BOOKMARK [2][-]{subsection.39}{\376\377\0004\000.\0004\000.\0001\000\040\000p\000a\000r\000s\000e\000r}{section.38}% 23
\BOOKMARK [2][-]{subsection.40}{\376\377\0004\000.\0004\000.\0002\000\040\000m\000o\000d\000e\000l}{section.38}% 24
\BOOKMARK [1][-]{section.41}{\376\377\0004\000.\0005\000\040\000S\000o\000l\000v\000e\000r}{chapter.30}% 25
\BOOKMARK [2][-]{subsection.43}{\376\377\0004\000.\0005\000.\0001\000\040\000V\000a\000l\000u\000e\000\040\000O\000r\000d\000e\000r\000i\000n\000g}{section.41}% 26
\BOOKMARK [2][-]{subsection.44}{\376\377\0004\000.\0005\000.\0002\000\040\000F\000o\000r\000w\000a\000r\000d\000\040\000C\000h\000e\000c\000k\000i\000n\000g}{section.41}% 27
\BOOKMARK [2][-]{subsection.45}{\376\377\0004\000.\0005\000.\0003\000\040\000A\000r\000c\000\040\000C\000o\000n\000s\000i\000s\000t\000e\000n\000c\000y}{section.41}% 28
\BOOKMARK [0][-]{chapter.46}{\376\377\0005\000\040\000R\000e\000s\000u\000l\000t\000s}{}% 29
\BOOKMARK [1][-]{section.47}{\376\377\0005\000.\0001\000\040\000M\000e\000t\000h\000o\000d}{chapter.46}% 30
\BOOKMARK [1][-]{section.48}{\376\377\0005\000.\0002\000\040\000N\000-\000Q\000u\000e\000e\000n\000s}{chapter.46}% 31
\BOOKMARK [1][-]{section.55}{\376\377\0005\000.\0003\000\040\000S\000l\000o\000w\000\040\000C\000o\000n\000v\000e\000r\000g\000e\000n\000c\000e}{chapter.46}% 32
\BOOKMARK [1][-]{section.61}{\376\377\0005\000.\0004\000\040\000G\000e\000c\000o\000d\000e}{chapter.46}% 33
\BOOKMARK [0][-]{chapter.63}{\376\377\0006\000\040\000C\000o\000n\000c\000l\000u\000s\000i\000o\000n}{}% 34
\BOOKMARK [1][-]{section.64}{\376\377\0006\000.\0001\000\040\000D\000i\000s\000c\000u\000s\000s\000i\000o\000n}{chapter.63}% 35
\BOOKMARK [0][-]{chapter*.65}{\376\377\000B\000i\000b\000l\000i\000o\000g\000r\000a\000p\000h\000y}{}% 36
